"../../../Engine/Content/Animation/DefaultAnimBoneCompressionSettings.uasset" 0
"../../../Engine/Content/Animation/DefaultAnimBoneCompressionSettings.uexp" 1
"../../../Engine/Content/Animation/DefaultAnimCurveCompressionSettings.uasset" 2
"../../../Engine/Content/Animation/DefaultAnimCurveCompressionSettings.uexp" 3
"../../../Engine/Content/Functions/Engine_MaterialFunctions01/Opacity/CameraDepthFade.uasset" 4
"../../../Engine/Content/Functions/Engine_MaterialFunctions01/Opacity/CameraDepthFade.uexp" 5
"../../../Engine/Content/EngineMaterials/T_Default_Material_Grid_N.uasset" 6
"../../../Engine/Content/EngineMaterials/T_Default_Material_Grid_N.uexp" 7
"../../../Engine/Content/EngineMaterials/T_Default_Material_Grid_N.ubulk" 8
"../../../Engine/Content/EngineMaterials/T_Default_Material_Grid_M.uasset" 9
"../../../Engine/Content/EngineMaterials/T_Default_Material_Grid_M.uexp" 10
"../../../Engine/Content/EngineMaterials/T_Default_Material_Grid_M.ubulk" 11
"../../../Engine/Content/EngineMaterials/WorldGridMaterial.uasset" 12
"../../../Engine/Content/EngineMaterials/WorldGridMaterial.uexp" 13
"../../../Engine/Content/ArtTools/RenderToTexture/Meshes/S_1_Unit_Plane.uasset" 14
"../../../Engine/Content/ArtTools/RenderToTexture/Meshes/S_1_Unit_Plane.uexp" 15
"../../../Engine/Content/EngineMaterials/DefaultMaterial.uasset" 16
"../../../Engine/Content/EngineMaterials/DefaultMaterial.uexp" 17
"../../../Engine/Content/BasicShapes/Cone.uasset" 18
"../../../Engine/Content/BasicShapes/Cone.uexp" 19
"../../../Engine/Content/BasicShapes/Cube.uasset" 20
"../../../Engine/Content/BasicShapes/Cube.uexp" 21
"../../../Engine/Content/BasicShapes/Plane.uasset" 22
"../../../Engine/Content/BasicShapes/Plane.uexp" 23
"../../../Engine/Content/BasicShapes/Sphere.uasset" 24
"../../../Engine/Content/BasicShapes/Sphere.uexp" 25
"../../../Engine/Content/EditorLandscapeResources/DataLayer.uasset" 26
"../../../Engine/Content/EditorLandscapeResources/DataLayer.uexp" 27
"../../../Engine/Content/EditorLandscapeResources/DefaultAlphaTexture.uasset" 28
"../../../Engine/Content/EditorLandscapeResources/DefaultAlphaTexture.uexp" 29
"../../../Engine/Content/EditorMaterials/MAT_Groups_Toggle.uasset" 30
"../../../Engine/Content/EditorMaterials/MAT_Groups_Toggle.uexp" 31
"../../../Engine/Content/EditorMaterials/MAT_Groups_Visibility.uasset" 32
"../../../Engine/Content/EditorMaterials/MAT_Groups_Visibility.uexp" 33
"../../../Engine/Content/EditorMaterials/PreviewShadowIndicator.uasset" 34
"../../../Engine/Content/EditorMaterials/PreviewShadowIndicator.uexp" 35
"../../../Engine/Content/EditorMaterials/PreviewShadowIndicator.ubulk" 36
"../../../Engine/Content/EditorMaterials/PreviewShadowIndicatorMaterial.uasset" 37
"../../../Engine/Content/EditorMaterials/PreviewShadowIndicatorMaterial.uexp" 38
"../../../Engine/Content/EditorMaterials/MatineeGroups/MAT_ColorTrack.uasset" 39
"../../../Engine/Content/EditorMaterials/MatineeGroups/MAT_ColorTrack.uexp" 40
"../../../Engine/Content/EditorMaterials/MatineeGroups/MAT_Groups_Anim.uasset" 41
"../../../Engine/Content/EditorMaterials/MatineeGroups/MAT_Groups_Anim.uexp" 42
"../../../Engine/Content/EditorMaterials/MatineeGroups/MAT_Groups_AudioMaster.uasset" 43
"../../../Engine/Content/EditorMaterials/MatineeGroups/MAT_Groups_AudioMaster.uexp" 44
"../../../Engine/Content/EditorMaterials/MatineeGroups/MAT_Groups_Director.uasset" 45
"../../../Engine/Content/EditorMaterials/MatineeGroups/MAT_Groups_Director.uexp" 46
"../../../Engine/Content/EditorMaterials/MatineeGroups/MAT_Groups_Event.uasset" 47
"../../../Engine/Content/EditorMaterials/MatineeGroups/MAT_Groups_Event.uexp" 48
"../../../Engine/Content/EditorMaterials/MatineeGroups/MAT_Groups_Fade.uasset" 49
"../../../Engine/Content/EditorMaterials/MatineeGroups/MAT_Groups_Fade.uexp" 50
"../../../Engine/Content/EditorMaterials/MatineeGroups/MAT_Groups_Float.uasset" 51
"../../../Engine/Content/EditorMaterials/MatineeGroups/MAT_Groups_Float.uexp" 52
"../../../Engine/Content/EditorMaterials/MatineeGroups/MAT_Groups_Move.uasset" 53
"../../../Engine/Content/EditorMaterials/MatineeGroups/MAT_Groups_Move.uexp" 54
"../../../Engine/Content/EditorMaterials/MatineeGroups/MAT_Groups_Slomo.uasset" 55
"../../../Engine/Content/EditorMaterials/MatineeGroups/MAT_Groups_Slomo.uexp" 56
"../../../Engine/Content/EditorMaterials/MatineeGroups/MAT_Groups_Sound.uasset" 57
"../../../Engine/Content/EditorMaterials/MatineeGroups/MAT_Groups_Sound.uexp" 58
"../../../Engine/Content/EditorMaterials/MatineeGroups/MAT_Groups_Vector.uasset" 59
"../../../Engine/Content/EditorMaterials/MatineeGroups/MAT_Groups_Vector.uexp" 60
"../../../Engine/Content/EditorMaterials/ParticleSystems/PSysThumbnail_NoImage.uasset" 61
"../../../Engine/Content/EditorMaterials/ParticleSystems/PSysThumbnail_NoImage.uexp" 62
"../../../Engine/Content/EditorMaterials/ParticleSystems/PSysThumbnail_NoImage.ubulk" 63
"../../../Engine/Content/EditorMaterials/ParticleSystems/PSysThumbnail_OOD.uasset" 64
"../../../Engine/Content/EditorMaterials/ParticleSystems/PSysThumbnail_OOD.uexp" 65
"../../../Engine/Content/EditorMaterials/ParticleSystems/PSysThumbnail_OOD.ubulk" 66
"../../../Engine/Content/EditorMaterials/Camera/CineMat.uasset" 67
"../../../Engine/Content/EditorMaterials/Camera/CineMat.uexp" 68
"../../../Engine/Content/EditorMaterials/Camera/MI_CineMat_Rig.uasset" 69
"../../../Engine/Content/EditorMaterials/Camera/MI_CineMat_Rig.uexp" 70
"../../../Engine/Content/EditorMeshes/Camera/SM_CraneRig_Arm.uasset" 71
"../../../Engine/Content/EditorMeshes/Camera/SM_CraneRig_Arm.uexp" 72
"../../../Engine/Content/EditorMeshes/Camera/SM_CraneRig_Base.uasset" 73
"../../../Engine/Content/EditorMeshes/Camera/SM_CraneRig_Base.uexp" 74
"../../../Engine/Content/EditorMeshes/Camera/SM_CraneRig_Body.uasset" 75
"../../../Engine/Content/EditorMeshes/Camera/SM_CraneRig_Body.uexp" 76
"../../../Engine/Content/EditorMeshes/Camera/SM_CraneRig_Mount.uasset" 77
"../../../Engine/Content/EditorMeshes/Camera/SM_CraneRig_Mount.uexp" 78
"../../../Engine/Content/EditorMeshes/Camera/SM_RailRig_Mount.uasset" 79
"../../../Engine/Content/EditorMeshes/Camera/SM_RailRig_Mount.uexp" 80
"../../../Engine/Content/EditorMeshes/Camera/SM_RailRig_Track.uasset" 81
"../../../Engine/Content/EditorMeshes/Camera/SM_RailRig_Track.uexp" 82
"../../../Engine/Content/EditorResources/BSPVertex.uasset" 83
"../../../Engine/Content/EditorResources/BSPVertex.uexp" 84
"../../../Engine/Content/EditorResources/EmptyActor.uasset" 85
"../../../Engine/Content/EditorResources/EmptyActor.uexp" 86
"../../../Engine/Content/EditorResources/S_Actor.uasset" 87
"../../../Engine/Content/EditorResources/S_Actor.uexp" 88
"../../../Engine/Content/EditorResources/S_Actor.ubulk" 89
"../../../Engine/Content/EditorResources/S_Note.uasset" 90
"../../../Engine/Content/EditorResources/S_Note.uexp" 91
"../../../Engine/Content/EditorResources/S_Note.ubulk" 92
"../../../Engine/Content/EditorResources/S_Solver.uasset" 93
"../../../Engine/Content/EditorResources/S_Solver.uexp" 94
"../../../Engine/Content/EditorResources/S_Solver.ubulk" 95
"../../../Engine/Content/EditorResources/S_Terrain.uasset" 96
"../../../Engine/Content/EditorResources/S_Terrain.uexp" 97
"../../../Engine/Content/EditorResources/S_Terrain.ubulk" 98
"../../../Engine/Content/EditorResources/S_Trigger.uasset" 99
"../../../Engine/Content/EditorResources/S_Trigger.uexp" 100
"../../../Engine/Content/EditorResources/S_Trigger.ubulk" 101
"../../../Engine/Content/EditorResources/LightIcons/S_LightError.uasset" 102
"../../../Engine/Content/EditorResources/LightIcons/S_LightError.uexp" 103
"../../../Engine/Content/EditorResources/SequenceRecorder/Countdown.uasset" 104
"../../../Engine/Content/EditorResources/SequenceRecorder/Countdown.uexp" 105
"../../../Engine/Content/EditorResources/SequenceRecorder/RecordingIndicator.uasset" 106
"../../../Engine/Content/EditorResources/SequenceRecorder/RecordingIndicator.uexp" 107
"../../../Engine/Content/EngineDamageTypes/DmgTypeBP_Environmental.uasset" 108
"../../../Engine/Content/EngineDamageTypes/DmgTypeBP_Environmental.uexp" 109
"../../../Engine/Content/EngineDebugMaterials/DebugEditorMaterial.uasset" 110
"../../../Engine/Content/EngineDebugMaterials/DebugEditorMaterial.uexp" 111
"../../../Engine/Content/EngineDebugMaterials/DebugMeshMaterial.uasset" 112
"../../../Engine/Content/EngineDebugMaterials/DebugMeshMaterial.uexp" 113
"../../../Engine/Content/EngineDebugMaterials/M_SimpleUnlitTranslucent.uasset" 114
"../../../Engine/Content/EngineDebugMaterials/M_SimpleUnlitTranslucent.uexp" 115
"../../../Engine/Content/EngineDebugMaterials/VolumeToRender.uasset" 116
"../../../Engine/Content/EngineDebugMaterials/VolumeToRender.uexp" 117
"../../../Engine/Content/Functions/Engine_MaterialFunctions02/Utility/CameraDirectionVector.uasset" 118
"../../../Engine/Content/Functions/Engine_MaterialFunctions02/Utility/CameraDirectionVector.uexp" 119
"../../../Engine/Content/EngineDebugMaterials/M_VolumeRenderSphereTracePP.uasset" 120
"../../../Engine/Content/EngineDebugMaterials/M_VolumeRenderSphereTracePP.uexp" 121
"../../../Engine/Content/Functions/Engine_MaterialFunctions01/Shading/ConvertFromDiffSpec.uasset" 122
"../../../Engine/Content/Functions/Engine_MaterialFunctions01/Shading/ConvertFromDiffSpec.uexp" 123
"../../../Engine/Content/EngineDebugMaterials/VertexColorMaterial.uasset" 124
"../../../Engine/Content/EngineDebugMaterials/VertexColorMaterial.uexp" 125
"../../../Engine/Content/EngineDebugMaterials/WireframeMaterial.uasset" 126
"../../../Engine/Content/EngineDebugMaterials/WireframeMaterial.uexp" 127
"../../../Engine/Content/EngineFonts/Faces/RobotoRegular.uasset" 128
"../../../Engine/Content/EngineFonts/Faces/RobotoRegular.uexp" 129
"../../../Engine/Content/EngineFonts/Faces/RobotoRegular.ufont" 130
"../../../Engine/Content/EngineFonts/Faces/RobotoLight.uasset" 131
"../../../Engine/Content/EngineFonts/Faces/RobotoLight.uexp" 132
"../../../Engine/Content/EngineFonts/Faces/RobotoLight.ufont" 133
"../../../Engine/Content/EngineFonts/Faces/RobotoItalic.uasset" 134
"../../../Engine/Content/EngineFonts/Faces/RobotoItalic.uexp" 135
"../../../Engine/Content/EngineFonts/Faces/RobotoItalic.ufont" 136
"../../../Engine/Content/EngineFonts/Faces/RobotoBoldItalic.uasset" 137
"../../../Engine/Content/EngineFonts/Faces/RobotoBoldItalic.uexp" 138
"../../../Engine/Content/EngineFonts/Faces/RobotoBoldItalic.ufont" 139
"../../../Engine/Content/EngineFonts/Faces/RobotoBold.uasset" 140
"../../../Engine/Content/EngineFonts/Faces/RobotoBold.uexp" 141
"../../../Engine/Content/EngineFonts/Faces/RobotoBold.ufont" 142
"../../../Engine/Content/EngineFonts/Faces/DroidSansFallback.uasset" 143
"../../../Engine/Content/EngineFonts/Faces/DroidSansFallback.uexp" 144
"../../../Engine/Content/EngineFonts/Faces/DroidSansFallback.ufont" 145
"../../../Engine/Content/EngineFonts/Roboto.uasset" 146
"../../../Engine/Content/EngineFonts/Roboto.uexp" 147
"../../../Engine/Content/EngineMaterials/BaseFlattenNormalMap.uasset" 148
"../../../Engine/Content/EngineMaterials/BaseFlattenNormalMap.uexp" 149
"../../../Engine/Content/EngineMaterials/BaseFlattenGrayscaleMap.uasset" 150
"../../../Engine/Content/EngineMaterials/BaseFlattenGrayscaleMap.uexp" 151
"../../../Engine/Content/EngineMaterials/BaseFlattenEmissiveMap.uasset" 152
"../../../Engine/Content/EngineMaterials/BaseFlattenEmissiveMap.uexp" 153
"../../../Engine/Content/EngineMaterials/BaseFlattenDiffuseMap.uasset" 154
"../../../Engine/Content/EngineMaterials/BaseFlattenDiffuseMap.uexp" 155
"../../../Engine/Content/EngineMaterials/BaseFlattenMaterial.uasset" 156
"../../../Engine/Content/EngineMaterials/BaseFlattenMaterial.uexp" 157
"../../../Engine/Content/EngineMaterials/BlueNoise.uasset" 158
"../../../Engine/Content/EngineMaterials/BlueNoise.uexp" 159
"../../../Engine/Content/EngineMaterials/DefaultBloomKernel.uasset" 160
"../../../Engine/Content/EngineMaterials/DefaultBloomKernel.uexp" 161
"../../../Engine/Content/EngineMaterials/DefaultBokeh.uasset" 162
"../../../Engine/Content/EngineMaterials/DefaultBokeh.uexp" 163
"../../../Engine/Content/EngineMaterials/DefaultDiffuse.uasset" 164
"../../../Engine/Content/EngineMaterials/DefaultDiffuse.uexp" 165
"../../../Engine/Content/EngineMaterials/DefaultDiffuse.ubulk" 166
"../../../Engine/Content/EngineMaterials/DefaultDeferredDecalMaterial.uasset" 167
"../../../Engine/Content/EngineMaterials/DefaultDeferredDecalMaterial.uexp" 168
"../../../Engine/Content/EngineMaterials/DefaultLightFunctionMaterial.uasset" 169
"../../../Engine/Content/EngineMaterials/DefaultLightFunctionMaterial.uexp" 170
"../../../Engine/Content/EngineMaterials/DefaultPhysicalMaterial.uasset" 171
"../../../Engine/Content/EngineMaterials/DefaultPhysicalMaterial.uexp" 172
"../../../Engine/Content/Functions/Engine_MaterialFunctions02/Utility/BreakOutFloat2Components.uasset" 173
"../../../Engine/Content/Functions/Engine_MaterialFunctions02/Utility/BreakOutFloat2Components.uexp" 174
"../../../Engine/Content/EngineMaterials/DefaultPostProcessMaterial.uasset" 175
"../../../Engine/Content/EngineMaterials/DefaultPostProcessMaterial.uexp" 176
"../../../Engine/Content/EngineFonts/RobotoDistanceField.uasset" 177
"../../../Engine/Content/EngineFonts/RobotoDistanceField.uexp" 178
"../../../Engine/Content/EngineMaterials/DefaultTextMaterialOpaque.uasset" 179
"../../../Engine/Content/EngineMaterials/DefaultTextMaterialOpaque.uexp" 180
"../../../Engine/Content/EngineMaterials/DefaultWhiteGrid.uasset" 181
"../../../Engine/Content/EngineMaterials/DefaultWhiteGrid.uexp" 182
"../../../Engine/Content/EngineMaterials/DefaultWhiteGrid.ubulk" 183
"../../../Engine/Content/EngineMaterials/DefaultWhiteGrid_Low.uasset" 184
"../../../Engine/Content/EngineMaterials/DefaultWhiteGrid_Low.uexp" 185
"../../../Engine/Content/EngineMaterials/EmissiveMeshMaterial.uasset" 186
"../../../Engine/Content/EngineMaterials/EmissiveMeshMaterial.uexp" 187
"../../../Engine/Content/EngineMaterials/GizmoMaterial.uasset" 188
"../../../Engine/Content/EngineMaterials/GizmoMaterial.uexp" 189
"../../../Engine/Content/EngineMaterials/Good64x64TilingNoiseHighFreq.uasset" 190
"../../../Engine/Content/EngineMaterials/Good64x64TilingNoiseHighFreq.uexp" 191
"../../../Engine/Content/EngineMaterials/MiniFont.uasset" 192
"../../../Engine/Content/EngineMaterials/MiniFont.uexp" 193
"../../../Engine/Content/EngineMaterials/InvalidLightmapSettings.uasset" 194
"../../../Engine/Content/EngineMaterials/InvalidLightmapSettings.uexp" 195
"../../../Engine/Content/EngineMaterials/InvalidLightmapSettings.ubulk" 196
"../../../Engine/Content/EngineMaterials/M_InvalidLightmapSettings.uasset" 197
"../../../Engine/Content/EngineMaterials/M_InvalidLightmapSettings.uexp" 198
"../../../Engine/Content/Functions/Engine_MaterialFunctions02/WorldPositionOffset/CameraOffset.uasset" 199
"../../../Engine/Content/Functions/Engine_MaterialFunctions02/WorldPositionOffset/CameraOffset.uexp" 200
"../../../Engine/Content/EngineMaterials/PhAT_JointLimitMaterial.uasset" 201
"../../../Engine/Content/EngineMaterials/PhAT_JointLimitMaterial.uexp" 202
"../../../Engine/Content/EngineMaterials/DefaultCalibrationColor.uasset" 203
"../../../Engine/Content/EngineMaterials/DefaultCalibrationColor.uexp" 204
"../../../Engine/Content/EngineMaterials/PPM_DefaultCalibrationColor.uasset" 205
"../../../Engine/Content/EngineMaterials/PPM_DefaultCalibrationColor.uexp" 206
"../../../Engine/Content/EngineMaterials/DefaultCalibrationGrayscale.uasset" 207
"../../../Engine/Content/EngineMaterials/DefaultCalibrationGrayscale.uexp" 208
"../../../Engine/Content/EngineMaterials/PPM_DefaultCalibrationGrayscale.uasset" 209
"../../../Engine/Content/EngineMaterials/PPM_DefaultCalibrationGrayscale.uexp" 210
"../../../Engine/Content/EngineMaterials/PreintegratedSkinBRDF.uasset" 211
"../../../Engine/Content/EngineMaterials/PreintegratedSkinBRDF.uexp" 212
"../../../Engine/Content/EngineMaterials/RemoveSurfaceMaterial.uasset" 213
"../../../Engine/Content/EngineMaterials/RemoveSurfaceMaterial.uexp" 214
"../../../Engine/Content/EngineMaterials/WeightMapPlaceholderTexture.uasset" 215
"../../../Engine/Content/EngineMaterials/WeightMapPlaceholderTexture.uexp" 216
"../../../Engine/Content/EngineResources/WhiteSquareTexture.uasset" 217
"../../../Engine/Content/EngineResources/WhiteSquareTexture.uexp" 218
"../../../Engine/Content/EngineMaterials/Widget3DPassThrough.uasset" 219
"../../../Engine/Content/EngineMaterials/Widget3DPassThrough.uexp" 220
"../../../Engine/Content/EngineMaterials/Widget3DPassThrough_Masked.uasset" 221
"../../../Engine/Content/EngineMaterials/Widget3DPassThrough_Masked.uexp" 222
"../../../Engine/Content/EngineMaterials/Widget3DPassThrough_Opaque.uasset" 223
"../../../Engine/Content/EngineMaterials/Widget3DPassThrough_Opaque.uexp" 224
"../../../Engine/Content/EngineMaterials/Widget3DPassThrough_Masked_OneSided.uasset" 225
"../../../Engine/Content/EngineMaterials/Widget3DPassThrough_Masked_OneSided.uexp" 226
"../../../Engine/Content/EngineMaterials/Widget3DPassThrough_Opaque_OneSided.uasset" 227
"../../../Engine/Content/EngineMaterials/Widget3DPassThrough_Opaque_OneSided.uexp" 228
"../../../Engine/Content/EngineMaterials/Widget3DPassThrough_Translucent.uasset" 229
"../../../Engine/Content/EngineMaterials/Widget3DPassThrough_Translucent.uexp" 230
"../../../Engine/Content/EngineMaterials/Widget3DPassThrough_Translucent_OneSided.uasset" 231
"../../../Engine/Content/EngineMaterials/Widget3DPassThrough_Translucent_OneSided.uexp" 232
"../../../Engine/Content/EngineMeshes/Cylinder.uasset" 233
"../../../Engine/Content/EngineMeshes/Cylinder.uexp" 234
"../../../Engine/Content/EngineMeshes/Sphere.uasset" 235
"../../../Engine/Content/EngineMeshes/Sphere.uexp" 236
"../../../Engine/Content/EngineResources/DefaultTexture.uasset" 237
"../../../Engine/Content/EngineResources/DefaultTexture.uexp" 238
"../../../Engine/Content/EngineResources/DefaultTexture.ubulk" 239
"../../../Engine/Content/EngineResources/DefaultTextureCube.uasset" 240
"../../../Engine/Content/EngineResources/DefaultTextureCube.uexp" 241
"../../../Engine/Content/EngineResources/DefaultVolumeTexture2D.uasset" 242
"../../../Engine/Content/EngineResources/DefaultVolumeTexture2D.uexp" 243
"../../../Engine/Content/EngineResources/DefaultVolumeTexture.uasset" 244
"../../../Engine/Content/EngineResources/DefaultVolumeTexture.uexp" 245
"../../../Engine/Content/EngineResources/GradientTexture0.uasset" 246
"../../../Engine/Content/EngineResources/GradientTexture0.uexp" 247
"../../../Engine/Content/EngineSky/VolumetricClouds/T_NoiseShape64.uasset" 248
"../../../Engine/Content/EngineSky/VolumetricClouds/T_NoiseShape64.uexp" 249
"../../../Engine/Content/EngineSky/VolumetricClouds/T_NoiseShape64.ubulk" 250
"../../../Engine/Content/EngineSky/VolumetricClouds/T_VolumeNoiseShape64.uasset" 251
"../../../Engine/Content/EngineSky/VolumetricClouds/T_VolumeNoiseShape64.uexp" 252
"../../../Engine/Content/EngineSky/VolumetricClouds/T_NoiseErosion.uasset" 253
"../../../Engine/Content/EngineSky/VolumetricClouds/T_NoiseErosion.uexp" 254
"../../../Engine/Content/EngineSky/VolumetricClouds/T_NoiseErosion.ubulk" 255
"../../../Engine/Content/EngineSky/VolumetricClouds/T_VolumeNoiseErosion32.uasset" 256
"../../../Engine/Content/EngineSky/VolumetricClouds/T_VolumeNoiseErosion32.uexp" 257
"../../../Engine/Content/EngineSky/VolumetricClouds/CloudWeatherTexture.uasset" 258
"../../../Engine/Content/EngineSky/VolumetricClouds/CloudWeatherTexture.uexp" 259
"../../../Engine/Content/EngineSky/VolumetricClouds/CloudGradientTexture.uasset" 260
"../../../Engine/Content/EngineSky/VolumetricClouds/CloudGradientTexture.uexp" 261
"../../../Engine/Content/Functions/Engine_MaterialFunctions02/Utility/MakeFloat2.uasset" 262
"../../../Engine/Content/Functions/Engine_MaterialFunctions02/Utility/MakeFloat2.uexp" 263
"../../../Engine/Content/EngineSky/VolumetricClouds/m_SimpleVolumetricCloud.uasset" 264
"../../../Engine/Content/EngineSky/VolumetricClouds/m_SimpleVolumetricCloud.uexp" 265
"../../../Engine/Content/EngineSky/VolumetricClouds/m_SimpleVolumetricCloud_Inst.uasset" 266
"../../../Engine/Content/EngineSky/VolumetricClouds/m_SimpleVolumetricCloud_Inst.uexp" 267
"../../../Engine/Content/EngineSounds/Master.uasset" 268
"../../../Engine/Content/EngineSounds/Master.uexp" 269
"../../../Engine/Content/Functions/Engine_MaterialFunctions01/Shading/PowerToRoughness.uasset" 270
"../../../Engine/Content/Functions/Engine_MaterialFunctions01/Shading/PowerToRoughness.uexp" 271
"../../../Engine/Content/Maps/Templates/Thumbnails/Default.uasset" 272
"../../../Engine/Content/Maps/Templates/Thumbnails/Default.uexp" 273
"../../../Engine/Content/Maps/Templates/Thumbnails/TimeOfDay.uasset" 274
"../../../Engine/Content/Maps/Templates/Thumbnails/TimeOfDay.uexp" 275
"../../../Engine/Content/Maps/Templates/Thumbnails/VR-Basic.uasset" 276
"../../../Engine/Content/Maps/Templates/Thumbnails/VR-Basic.uexp" 277
"../../../Engine/Content/MobileResources/T_MobileControls_texture.uasset" 278
"../../../Engine/Content/MobileResources/T_MobileControls_texture.uexp" 279
"../../../Engine/Content/MobileResources/T_MobileMenu2.uasset" 280
"../../../Engine/Content/MobileResources/T_MobileMenu2.uexp" 281
"../../../Engine/Content/MobileResources/HUD/AnalogHat.uasset" 282
"../../../Engine/Content/MobileResources/HUD/AnalogHat.uexp" 283
"../../../Engine/Content/MobileResources/HUD/VirtualJoystick_Thumb.uasset" 284
"../../../Engine/Content/MobileResources/HUD/VirtualJoystick_Thumb.uexp" 285
"../../../Engine/Content/MobileResources/HUD/VirtualJoystick_Background.uasset" 286
"../../../Engine/Content/MobileResources/HUD/VirtualJoystick_Background.uexp" 287
"../../../Engine/Content/MobileResources/HUD/DefaultVirtualJoysticks.uasset" 288
"../../../Engine/Content/MobileResources/HUD/DefaultVirtualJoysticks.uexp" 289
"../../../Engine/Content/MobileResources/HUD/LeftVirtualJoystickOnly.uasset" 290
"../../../Engine/Content/MobileResources/HUD/LeftVirtualJoystickOnly.uexp" 291
"../../../Engine/Content/MobileResources/HUD/MobileHUDButton1_off.uasset" 292
"../../../Engine/Content/MobileResources/HUD/MobileHUDButton1_off.uexp" 293
"../../../Engine/Content/MobileResources/HUD/MobileHUDButton1_on.uasset" 294
"../../../Engine/Content/MobileResources/HUD/MobileHUDButton1_on.uexp" 295
"../../../Engine/Content/MobileResources/HUD/MobileHUDButton2_off.uasset" 296
"../../../Engine/Content/MobileResources/HUD/MobileHUDButton2_off.uexp" 297
"../../../Engine/Content/MobileResources/HUD/MobileHUDButton2_on.uasset" 298
"../../../Engine/Content/MobileResources/HUD/MobileHUDButton2_on.uexp" 299
"../../../Engine/Content/MobileResources/HUD/MobileHUDButton3.uasset" 300
"../../../Engine/Content/MobileResources/HUD/MobileHUDButton3.uexp" 301
"../../../Engine/Content/MobileResources/HUD/MobileHUDButtonFire.uasset" 302
"../../../Engine/Content/MobileResources/HUD/MobileHUDButtonFire.uexp" 303
"../../../Engine/Content/MobileResources/HUD/MobileHUDDirectionPad.uasset" 304
"../../../Engine/Content/MobileResources/HUD/MobileHUDDirectionPad.uexp" 305
"../../../Engine/Content/MobileResources/HUD/MobileHUDDirectionPad2.uasset" 306
"../../../Engine/Content/MobileResources/HUD/MobileHUDDirectionPad2.uexp" 307
"../../../Engine/Content/MobileResources/HUD/MobileHUDDirectionPad3.uasset" 308
"../../../Engine/Content/MobileResources/HUD/MobileHUDDirectionPad3.uexp" 309
"../../../Engine/Content/MobileResources/HUD/MobileHUDDirectionStick.uasset" 310
"../../../Engine/Content/MobileResources/HUD/MobileHUDDirectionStick.uexp" 311
"../../../Engine/Content/MobileResources/HUD/T_Castle_ThumbstickInner.uasset" 312
"../../../Engine/Content/MobileResources/HUD/T_Castle_ThumbstickInner.uexp" 313
"../../../Engine/Content/MobileResources/HUD/T_Castle_ThumbstickOutter.uasset" 314
"../../../Engine/Content/MobileResources/HUD/T_Castle_ThumbstickOutter.uexp" 315
"../../../Engine/Content/Tutorial/ContentIntroCurve.uasset" 316
"../../../Engine/Content/Tutorial/ContentIntroCurve.uexp" 317
"../../../Engine/Content/VREditor/TransformGizmo/TranslucentTransformGizmoMaterial.uasset" 318
"../../../Engine/Content/VREditor/TransformGizmo/TranslucentTransformGizmoMaterial.uexp" 319
"../../../Engine/Content/VREditor/LaserPointer/VR_LaserPower_01.uasset" 320
"../../../Engine/Content/VREditor/LaserPointer/VR_LaserPower_01.uexp" 321
"../../../Engine/Content/VREditor/LaserPointer/VR_LaserPower_01.ubulk" 322
"../../../Engine/Content/VREditor/TransformGizmo/TransformGizmoMaterial.uasset" 323
"../../../Engine/Content/VREditor/TransformGizmo/TransformGizmoMaterial.uexp" 324
"../../../Engine/Content/VREditor/TransformGizmo/BoundingBoxCorner.uasset" 325
"../../../Engine/Content/VREditor/TransformGizmo/BoundingBoxCorner.uexp" 326
"../../../Engine/Content/VREditor/TransformGizmo/BoundingBoxEdge.uasset" 327
"../../../Engine/Content/VREditor/TransformGizmo/BoundingBoxEdge.uexp" 328
"../../../Engine/Content/VREditor/TransformGizmo/PlaneTranslationHandle.uasset" 329
"../../../Engine/Content/VREditor/TransformGizmo/PlaneTranslationHandle.uexp" 330
"../../../Engine/Content/VREditor/TransformGizmo/Xray.uasset" 331
"../../../Engine/Content/VREditor/TransformGizmo/Xray.uexp" 332
"../../../Engine/Content/VREditor/TransformGizmo/Main.uasset" 333
"../../../Engine/Content/VREditor/TransformGizmo/Main.uexp" 334
"../../../Engine/Content/VREditor/TransformGizmo/SM_Sequencer_Key.uasset" 335
"../../../Engine/Content/VREditor/TransformGizmo/SM_Sequencer_Key.uexp" 336
"../../../Engine/Content/VREditor/TransformGizmo/SM_Sequencer_Node.uasset" 337
"../../../Engine/Content/VREditor/TransformGizmo/SM_Sequencer_Node.uexp" 338
"../../../Engine/Plugins/2D/Paper2D/Content/PlaceholderTextures/DummySpriteTexture.uasset" 339
"../../../Engine/Plugins/2D/Paper2D/Content/PlaceholderTextures/DummySpriteTexture.uexp" 340
"../../../Engine/Plugins/2D/Paper2D/Content/PlaceholderTextures/DummySpriteTexture.ubulk" 341
"../../../Engine/Plugins/2D/Paper2D/Content/DummySprite.uasset" 342
"../../../Engine/Plugins/2D/Paper2D/Content/DummySprite.uexp" 343
"../../../Engine/Plugins/2D/Paper2D/Content/DefaultPaperTerrainMaterial.uasset" 344
"../../../Engine/Plugins/2D/Paper2D/Content/DefaultPaperTerrainMaterial.uexp" 345
"../../../Engine/Plugins/2D/Paper2D/Content/DefaultSpriteMaterial.uasset" 346
"../../../Engine/Plugins/2D/Paper2D/Content/DefaultSpriteMaterial.uexp" 347
"../../../Engine/Plugins/2D/Paper2D/Content/MaskedUnlitSpriteMaterial.uasset" 348
"../../../Engine/Plugins/2D/Paper2D/Content/MaskedUnlitSpriteMaterial.uexp" 349
"../../../Engine/Plugins/2D/Paper2D/Content/OpaqueUnlitSpriteMaterial.uasset" 350
"../../../Engine/Plugins/2D/Paper2D/Content/OpaqueUnlitSpriteMaterial.uexp" 351
"../../../Engine/Content/Functions/Engine_MaterialFunctions02/Utility/BreakOutFloat3Components.uasset" 352
"../../../Engine/Content/Functions/Engine_MaterialFunctions02/Utility/BreakOutFloat3Components.uexp" 353
"../../../Engine/Content/Functions/Engine_MaterialFunctions02/Utility/VectorLength.uasset" 354
"../../../Engine/Content/Functions/Engine_MaterialFunctions02/Utility/VectorLength.uexp" 355
"../../../Engine/Content/Functions/Engine_MaterialFunctions02/WorldPositionOffset/ObjectScale.uasset" 356
"../../../Engine/Content/Functions/Engine_MaterialFunctions02/WorldPositionOffset/ObjectScale.uexp" 357
"../../../Engine/Plugins/Editor/SpeedTreeImporter/Content/SpeedTree9/UnpackInteger3.uasset" 358
"../../../Engine/Plugins/Editor/SpeedTreeImporter/Content/SpeedTree9/UnpackInteger3.uexp" 359
"../../../Engine/Plugins/Editor/SpeedTreeImporter/Content/SpeedTree9/UnpackDirection.uasset" 360
"../../../Engine/Plugins/Editor/SpeedTreeImporter/Content/SpeedTree9/UnpackDirection.uexp" 361
"../../../Engine/Plugins/Editor/SpeedTreeImporter/Content/SpeedTree9/game_wind_noise.uasset" 362
"../../../Engine/Plugins/Editor/SpeedTreeImporter/Content/SpeedTree9/game_wind_noise.uexp" 363
"../../../Engine/Plugins/Editor/SpeedTreeImporter/Content/SpeedTree9/game_wind_noise.ubulk" 364
"../../../Engine/Content/Functions/Engine_MaterialFunctions02/SafeNormalize.uasset" 365
"../../../Engine/Content/Functions/Engine_MaterialFunctions02/SafeNormalize.uexp" 366
"../../../Engine/Plugins/Editor/SpeedTreeImporter/Content/SpeedTree9/SpeedTreeWindMotion.uasset" 367
"../../../Engine/Plugins/Editor/SpeedTreeImporter/Content/SpeedTree9/SpeedTreeWindMotion.uexp" 368
"../../../Engine/Plugins/Editor/SpeedTreeImporter/Content/SpeedTree9/SpeedTreeBranchMotion.uasset" 369
"../../../Engine/Plugins/Editor/SpeedTreeImporter/Content/SpeedTree9/SpeedTreeBranchMotion.uexp" 370
"../../../Engine/Content/Functions/Engine_MaterialFunctions02/ObjectLocalBounds.uasset" 371
"../../../Engine/Content/Functions/Engine_MaterialFunctions02/ObjectLocalBounds.uexp" 372
"../../../Engine/Content/Functions/Engine_MaterialFunctions02/UVs/BoundingBoxBased_0-1_UVW.uasset" 373
"../../../Engine/Content/Functions/Engine_MaterialFunctions02/UVs/BoundingBoxBased_0-1_UVW.uexp" 374
"../../../Engine/Plugins/Editor/SpeedTreeImporter/Content/SpeedTree9/SpeedTreeWind.uasset" 375
"../../../Engine/Plugins/Editor/SpeedTreeImporter/Content/SpeedTree9/SpeedTreeWind.uexp" 376
"../../../Engine/Plugins/Editor/SpeedTreeImporter/Content/SpeedTree9/SpeedTreeBillboard.uasset" 377
"../../../Engine/Plugins/Editor/SpeedTreeImporter/Content/SpeedTree9/SpeedTreeBillboard.uexp" 378
"../../../Engine/Plugins/Editor/SpeedTreeImporter/Content/SpeedTree9/EmptyNormal.uasset" 379
"../../../Engine/Plugins/Editor/SpeedTreeImporter/Content/SpeedTree9/EmptyNormal.uexp" 380
"../../../Engine/Plugins/Editor/SpeedTreeImporter/Content/SpeedTree9/Empty.uasset" 381
"../../../Engine/Plugins/Editor/SpeedTreeImporter/Content/SpeedTree9/Empty.uexp" 382
"../../../Engine/Plugins/Editor/SpeedTreeImporter/Content/SpeedTree9/SpeedTreeBillboardMaster.uasset" 383
"../../../Engine/Plugins/Editor/SpeedTreeImporter/Content/SpeedTree9/SpeedTreeBillboardMaster.uexp" 384
"../../../Engine/Plugins/Editor/SpeedTreeImporter/Content/SpeedTree9/SpeedTreeCameraFacing.uasset" 385
"../../../Engine/Plugins/Editor/SpeedTreeImporter/Content/SpeedTree9/SpeedTreeCameraFacing.uexp" 386
"../../../Engine/Plugins/Editor/SpeedTreeImporter/Content/SpeedTree9/SpeedTreeMaster.uasset" 387
"../../../Engine/Plugins/Editor/SpeedTreeImporter/Content/SpeedTree9/SpeedTreeMaster.uexp" 388
"../../../Engine/Content/ArtTools/RenderToTexture/Materials/Debug/M_Emissive_Color.uasset" 389
"../../../Engine/Content/ArtTools/RenderToTexture/Materials/Debug/M_Emissive_Color.uexp" 390
"../../../Engine/Content/BasicShapes/Cylinder.uasset" 391
"../../../Engine/Content/BasicShapes/Cylinder.uexp" 392
"../../../Engine/Plugins/Lumin/MagicLeapPassableWorld/Content/MagicLeapARPinInfoActor.uasset" 393
"../../../Engine/Plugins/Lumin/MagicLeapPassableWorld/Content/MagicLeapARPinInfoActor.uexp" 394
"../../../Engine/Plugins/Runtime/OpenXR/Content/Devices/GoogleDaydream/MRTexture.uasset" 395
"../../../Engine/Plugins/Runtime/OpenXR/Content/Devices/GoogleDaydream/MRTexture.uexp" 396
"../../../Engine/Plugins/Runtime/OpenXR/Content/Devices/GoogleDaydream/MRTexture.ubulk" 397
"../../../Engine/Plugins/Runtime/OpenXR/Content/Devices/GoogleDaydream/BaseTexture.uasset" 398
"../../../Engine/Plugins/Runtime/OpenXR/Content/Devices/GoogleDaydream/BaseTexture.uexp" 399
"../../../Engine/Plugins/Runtime/OpenXR/Content/Devices/GoogleDaydream/BaseTexture.ubulk" 400
"../../../Engine/Content/EngineResources/Black.uasset" 401
"../../../Engine/Content/EngineResources/Black.uexp" 402
"../../../Engine/Plugins/Runtime/OpenXR/Content/Devices/M_XRController.uasset" 403
"../../../Engine/Plugins/Runtime/OpenXR/Content/Devices/M_XRController.uexp" 404
"../../../Engine/Plugins/Runtime/OpenXR/Content/Devices/GoogleDaydream/MI_GoogleDaydream.uasset" 405
"../../../Engine/Plugins/Runtime/OpenXR/Content/Devices/GoogleDaydream/MI_GoogleDaydream.uexp" 406
"../../../Engine/Plugins/Runtime/OpenXR/Content/Devices/GoogleDaydream/GoogleDaydreamController.uasset" 407
"../../../Engine/Plugins/Runtime/OpenXR/Content/Devices/GoogleDaydream/GoogleDaydreamController.uexp" 408
"../../../Engine/Plugins/Runtime/OpenXR/Content/Devices/HTCVive/BaseTexture.uasset" 409
"../../../Engine/Plugins/Runtime/OpenXR/Content/Devices/HTCVive/BaseTexture.uexp" 410
"../../../Engine/Plugins/Runtime/OpenXR/Content/Devices/HTCVive/BaseTexture.ubulk" 411
"../../../Engine/Plugins/Runtime/OpenXR/Content/Devices/HTCVive/MI_HTCVive.uasset" 412
"../../../Engine/Plugins/Runtime/OpenXR/Content/Devices/HTCVive/MI_HTCVive.uexp" 413
"../../../Engine/Plugins/Runtime/OpenXR/Content/Devices/HTCVive/HTCViveController.uasset" 414
"../../../Engine/Plugins/Runtime/OpenXR/Content/Devices/HTCVive/HTCViveController.uexp" 415
"../../../Engine/Plugins/Runtime/OpenXR/Content/Devices/MicrosoftMixedReality/NormalTexture.uasset" 416
"../../../Engine/Plugins/Runtime/OpenXR/Content/Devices/MicrosoftMixedReality/NormalTexture.uexp" 417
"../../../Engine/Plugins/Runtime/OpenXR/Content/Devices/MicrosoftMixedReality/NormalTexture.ubulk" 418
"../../../Engine/Plugins/Runtime/OpenXR/Content/Devices/MicrosoftMixedReality/MRTexture.uasset" 419
"../../../Engine/Plugins/Runtime/OpenXR/Content/Devices/MicrosoftMixedReality/MRTexture.uexp" 420
"../../../Engine/Plugins/Runtime/OpenXR/Content/Devices/MicrosoftMixedReality/MRTexture.ubulk" 421
"../../../Engine/Plugins/Runtime/OpenXR/Content/Devices/MicrosoftMixedReality/EmissiveTexture.uasset" 422
"../../../Engine/Plugins/Runtime/OpenXR/Content/Devices/MicrosoftMixedReality/EmissiveTexture.uexp" 423
"../../../Engine/Plugins/Runtime/OpenXR/Content/Devices/MicrosoftMixedReality/EmissiveTexture.ubulk" 424
"../../../Engine/Plugins/Runtime/OpenXR/Content/Devices/MicrosoftMixedReality/BaseTexture.uasset" 425
"../../../Engine/Plugins/Runtime/OpenXR/Content/Devices/MicrosoftMixedReality/BaseTexture.uexp" 426
"../../../Engine/Plugins/Runtime/OpenXR/Content/Devices/MicrosoftMixedReality/BaseTexture.ubulk" 427
"../../../Engine/Plugins/Runtime/OpenXR/Content/Devices/MicrosoftMixedReality/MI_MicrosoftMixedReality.uasset" 428
"../../../Engine/Plugins/Runtime/OpenXR/Content/Devices/MicrosoftMixedReality/MI_MicrosoftMixedReality.uexp" 429
"../../../Engine/Plugins/Runtime/OpenXR/Content/Devices/MicrosoftMixedReality/Left/left_MicrosoftMixedRealityController.uasset" 430
"../../../Engine/Plugins/Runtime/OpenXR/Content/Devices/MicrosoftMixedReality/Left/left_MicrosoftMixedRealityController.uexp" 431
"../../../Engine/Plugins/Runtime/OpenXR/Content/Devices/MicrosoftMixedReality/Right/right_MicrosoftMixedRealityController.uasset" 432
"../../../Engine/Plugins/Runtime/OpenXR/Content/Devices/MicrosoftMixedReality/Right/right_MicrosoftMixedRealityController.uexp" 433
"../../../Engine/Plugins/Runtime/OpenXR/Content/Devices/OculusGo/BaseTexture.uasset" 434
"../../../Engine/Plugins/Runtime/OpenXR/Content/Devices/OculusGo/BaseTexture.uexp" 435
"../../../Engine/Plugins/Runtime/OpenXR/Content/Devices/OculusGo/BaseTexture.ubulk" 436
"../../../Engine/Plugins/Runtime/OpenXR/Content/Devices/OculusGo/MI_OculusGo.uasset" 437
"../../../Engine/Plugins/Runtime/OpenXR/Content/Devices/OculusGo/MI_OculusGo.uexp" 438
"../../../Engine/Plugins/Runtime/OpenXR/Content/Devices/OculusGo/OculusGoController.uasset" 439
"../../../Engine/Plugins/Runtime/OpenXR/Content/Devices/OculusGo/OculusGoController.uexp" 440
"../../../Engine/Plugins/Runtime/OpenXR/Content/Devices/OculusTouch/MRTexture.uasset" 441
"../../../Engine/Plugins/Runtime/OpenXR/Content/Devices/OculusTouch/MRTexture.uexp" 442
"../../../Engine/Plugins/Runtime/OpenXR/Content/Devices/OculusTouch/MRTexture.ubulk" 443
"../../../Engine/Plugins/Runtime/OpenXR/Content/Devices/OculusTouch/BaseTexture.uasset" 444
"../../../Engine/Plugins/Runtime/OpenXR/Content/Devices/OculusTouch/BaseTexture.uexp" 445
"../../../Engine/Plugins/Runtime/OpenXR/Content/Devices/OculusTouch/BaseTexture.ubulk" 446
"../../../Engine/Plugins/Runtime/OpenXR/Content/Devices/OculusTouch/MI_OculusTouch.uasset" 447
"../../../Engine/Plugins/Runtime/OpenXR/Content/Devices/OculusTouch/MI_OculusTouch.uexp" 448
"../../../Engine/Plugins/Runtime/OpenXR/Content/Devices/OculusTouch/Left/left_OculusTouchController.uasset" 449
"../../../Engine/Plugins/Runtime/OpenXR/Content/Devices/OculusTouch/Left/left_OculusTouchController.uexp" 450
"../../../Engine/Plugins/Runtime/OpenXR/Content/Devices/OculusTouch/Right/right_OculusTouchController.uasset" 451
"../../../Engine/Plugins/Runtime/OpenXR/Content/Devices/OculusTouch/Right/right_OculusTouchController.uexp" 452
"../../../Engine/Plugins/Runtime/OpenXR/Content/Devices/OculusTouch_v2/MRTexture.uasset" 453
"../../../Engine/Plugins/Runtime/OpenXR/Content/Devices/OculusTouch_v2/MRTexture.uexp" 454
"../../../Engine/Plugins/Runtime/OpenXR/Content/Devices/OculusTouch_v2/MRTexture.ubulk" 455
"../../../Engine/Plugins/Runtime/OpenXR/Content/Devices/OculusTouch_v2/BaseTexture.uasset" 456
"../../../Engine/Plugins/Runtime/OpenXR/Content/Devices/OculusTouch_v2/BaseTexture.uexp" 457
"../../../Engine/Plugins/Runtime/OpenXR/Content/Devices/OculusTouch_v2/BaseTexture.ubulk" 458
"../../../Engine/Plugins/Runtime/OpenXR/Content/Devices/OculusTouch_v2/MI_OculusTouch_v2.uasset" 459
"../../../Engine/Plugins/Runtime/OpenXR/Content/Devices/OculusTouch_v2/MI_OculusTouch_v2.uexp" 460
"../../../Engine/Plugins/Runtime/OpenXR/Content/Devices/OculusTouch_v2/Left/left_OculusTouch_v2Controller.uasset" 461
"../../../Engine/Plugins/Runtime/OpenXR/Content/Devices/OculusTouch_v2/Left/left_OculusTouch_v2Controller.uexp" 462
"../../../Engine/Plugins/Runtime/OpenXR/Content/Devices/OculusTouch_v2/Right/right_OculusTouch_v2Controller.uasset" 463
"../../../Engine/Plugins/Runtime/OpenXR/Content/Devices/OculusTouch_v2/Right/right_OculusTouch_v2Controller.uexp" 464
"../../../Engine/Plugins/Runtime/OpenXR/Content/Devices/OculusTouch_v3/MRTexture.uasset" 465
"../../../Engine/Plugins/Runtime/OpenXR/Content/Devices/OculusTouch_v3/MRTexture.uexp" 466
"../../../Engine/Plugins/Runtime/OpenXR/Content/Devices/OculusTouch_v3/MRTexture.ubulk" 467
"../../../Engine/Plugins/Runtime/OpenXR/Content/Devices/OculusTouch_v3/BaseTexture.uasset" 468
"../../../Engine/Plugins/Runtime/OpenXR/Content/Devices/OculusTouch_v3/BaseTexture.uexp" 469
"../../../Engine/Plugins/Runtime/OpenXR/Content/Devices/OculusTouch_v3/BaseTexture.ubulk" 470
"../../../Engine/Plugins/Runtime/OpenXR/Content/Devices/OculusTouch_v3/MI_OculusTouch_v3.uasset" 471
"../../../Engine/Plugins/Runtime/OpenXR/Content/Devices/OculusTouch_v3/MI_OculusTouch_v3.uexp" 472
"../../../Engine/Plugins/Runtime/OpenXR/Content/Devices/OculusTouch_v3/Left/left_OculusTouch_v3Controller.uasset" 473
"../../../Engine/Plugins/Runtime/OpenXR/Content/Devices/OculusTouch_v3/Left/left_OculusTouch_v3Controller.uexp" 474
"../../../Engine/Plugins/Runtime/OpenXR/Content/Devices/OculusTouch_v3/Right/right_OculusTouch_v3Controller.uasset" 475
"../../../Engine/Plugins/Runtime/OpenXR/Content/Devices/OculusTouch_v3/Right/right_OculusTouch_v3Controller.uexp" 476
"../../../Engine/Plugins/Runtime/OpenXR/Content/Devices/ValveIndex/MRTexture.uasset" 477
"../../../Engine/Plugins/Runtime/OpenXR/Content/Devices/ValveIndex/MRTexture.uexp" 478
"../../../Engine/Plugins/Runtime/OpenXR/Content/Devices/ValveIndex/MRTexture.ubulk" 479
"../../../Engine/Plugins/Runtime/OpenXR/Content/Devices/ValveIndex/BaseTexture.uasset" 480
"../../../Engine/Plugins/Runtime/OpenXR/Content/Devices/ValveIndex/BaseTexture.uexp" 481
"../../../Engine/Plugins/Runtime/OpenXR/Content/Devices/ValveIndex/BaseTexture.ubulk" 482
"../../../Engine/Plugins/Runtime/OpenXR/Content/Devices/ValveIndex/Left/MI_left_ValveIndex.uasset" 483
"../../../Engine/Plugins/Runtime/OpenXR/Content/Devices/ValveIndex/Left/MI_left_ValveIndex.uexp" 484
"../../../Engine/Plugins/Runtime/OpenXR/Content/Devices/ValveIndex/Left/left_ValveIndexController.uasset" 485
"../../../Engine/Plugins/Runtime/OpenXR/Content/Devices/ValveIndex/Left/left_ValveIndexController.uexp" 486
"../../../Engine/Plugins/Runtime/OpenXR/Content/Devices/ValveIndex/Right/MI_right_ValveIndex.uasset" 487
"../../../Engine/Plugins/Runtime/OpenXR/Content/Devices/ValveIndex/Right/MI_right_ValveIndex.uexp" 488
"../../../Engine/Plugins/Runtime/OpenXR/Content/Devices/ValveIndex/Right/right_ValveIndexController.uasset" 489
"../../../Engine/Plugins/Runtime/OpenXR/Content/Devices/ValveIndex/Right/right_ValveIndexController.uexp" 490
"../../../Engine/Content/Functions/Engine_MaterialFunctions02/Utility/BreakOutFloat4Components.uasset" 491
"../../../Engine/Content/Functions/Engine_MaterialFunctions02/Utility/BreakOutFloat4Components.uexp" 492
"../../../Engine/Content/Functions/Engine_MaterialFunctions02/Utility/MakeFloat3.uasset" 493
"../../../Engine/Content/Functions/Engine_MaterialFunctions02/Utility/MakeFloat3.uexp" 494
"../../../Engine/Plugins/Runtime/Oculus/OculusVR/Content/Materials/OculusMR_ChromaKey.uasset" 495
"../../../Engine/Plugins/Runtime/Oculus/OculusVR/Content/Materials/OculusMR_ChromaKey.uexp" 496
"../../../Engine/Plugins/Runtime/Oculus/OculusVR/Content/Materials/OculusMR_OpaqueColoredMaterial.uasset" 497
"../../../Engine/Plugins/Runtime/Oculus/OculusVR/Content/Materials/OculusMR_OpaqueColoredMaterial.uexp" 498
"../../../Engine/Plugins/Runtime/Oculus/OculusVR/Content/Materials/PokeAHoleMaterial.uasset" 499
"../../../Engine/Plugins/Runtime/Oculus/OculusVR/Content/Materials/PokeAHoleMaterial.uexp" 500
"../../../Engine/Plugins/Runtime/Oculus/OculusVR/Content/Textures/touchController_controlmap.uasset" 501
"../../../Engine/Plugins/Runtime/Oculus/OculusVR/Content/Textures/touchController_controlmap.uexp" 502
"../../../Engine/Plugins/Runtime/Oculus/OculusVR/Content/Textures/touchController_controlmap.ubulk" 503
"../../../Engine/Plugins/Runtime/Oculus/OculusVR/Content/Textures/touchController_albedo.uasset" 504
"../../../Engine/Plugins/Runtime/Oculus/OculusVR/Content/Textures/touchController_albedo.uexp" 505
"../../../Engine/Plugins/Runtime/Oculus/OculusVR/Content/Textures/touchController_albedo.ubulk" 506
"../../../Engine/Plugins/Runtime/Oculus/OculusVR/Content/Materials/touchController_mat.uasset" 507
"../../../Engine/Plugins/Runtime/Oculus/OculusVR/Content/Materials/touchController_mat.uexp" 508
"../../../Engine/Plugins/Runtime/Oculus/OculusVR/Content/Meshes/LeftTouchController.uasset" 509
"../../../Engine/Plugins/Runtime/Oculus/OculusVR/Content/Meshes/LeftTouchController.uexp" 510
"../../../Engine/Plugins/Runtime/Oculus/OculusVR/Content/Textures/TouchForQuestRiftSController_albedo.uasset" 511
"../../../Engine/Plugins/Runtime/Oculus/OculusVR/Content/Textures/TouchForQuestRiftSController_albedo.uexp" 512
"../../../Engine/Plugins/Runtime/Oculus/OculusVR/Content/Textures/TouchForQuestRiftSController_albedo.ubulk" 513
"../../../Engine/Plugins/Runtime/Oculus/OculusVR/Content/Materials/TouchForQuestRiftSControllerMaterial.uasset" 514
"../../../Engine/Plugins/Runtime/Oculus/OculusVR/Content/Materials/TouchForQuestRiftSControllerMaterial.uexp" 515
"../../../Engine/Plugins/Runtime/Oculus/OculusVR/Content/Meshes/LeftTouchForQuestRiftSController.uasset" 516
"../../../Engine/Plugins/Runtime/Oculus/OculusVR/Content/Meshes/LeftTouchForQuestRiftSController.uexp" 517
"../../../Engine/Plugins/Runtime/Oculus/OculusVR/Content/Meshes/RiftHMD.uasset" 518
"../../../Engine/Plugins/Runtime/Oculus/OculusVR/Content/Meshes/RiftHMD.uexp" 519
"../../../Engine/Plugins/Runtime/Oculus/OculusVR/Content/Meshes/RightTouchController.uasset" 520
"../../../Engine/Plugins/Runtime/Oculus/OculusVR/Content/Meshes/RightTouchController.uexp" 521
"../../../Engine/Plugins/Runtime/Oculus/OculusVR/Content/Meshes/RightTouchForQuestRiftSController.uasset" 522
"../../../Engine/Plugins/Runtime/Oculus/OculusVR/Content/Meshes/RightTouchForQuestRiftSController.uexp" 523
"C:/Users/216623/Desktop/Unreal/FPSMultiplayer/Content/Geometry/Meshes/CubeMaterial.uasset" 524
"C:/Users/216623/Desktop/Unreal/FPSMultiplayer/Content/Geometry/Meshes/CubeMaterial.uexp" 525
"C:/Users/216623/Desktop/Unreal/FPSMultiplayer/Content/Geometry/Meshes/1M_Cube.uasset" 526
"C:/Users/216623/Desktop/Unreal/FPSMultiplayer/Content/Geometry/Meshes/1M_Cube.uexp" 527
"../../../Engine/Content/EngineSky/T_Sky_Stars.uasset" 528
"../../../Engine/Content/EngineSky/T_Sky_Stars.uexp" 529
"../../../Engine/Content/EngineSky/T_Sky_Stars.ubulk" 530
"../../../Engine/Content/EngineSky/T_Sky_Clouds_M.uasset" 531
"../../../Engine/Content/EngineSky/T_Sky_Clouds_M.uexp" 532
"../../../Engine/Content/EngineSky/T_Sky_Clouds_M.ubulk" 533
"../../../Engine/Content/EngineSky/T_Sky_Blue.uasset" 534
"../../../Engine/Content/EngineSky/T_Sky_Blue.uexp" 535
"../../../Engine/Content/EngineSky/T_Sky_Blue.ubulk" 536
"C:/Users/216623/Desktop/Unreal/FPSMultiplayer/Content/FirstPerson/Meshes/BaseMaterial.uasset" 537
"C:/Users/216623/Desktop/Unreal/FPSMultiplayer/Content/FirstPerson/Meshes/BaseMaterial.uexp" 538
"C:/Users/216623/Desktop/Unreal/FPSMultiplayer/Content/FirstPerson/Meshes/CubeMaterialOverride.uasset" 539
"C:/Users/216623/Desktop/Unreal/FPSMultiplayer/Content/FirstPerson/Meshes/CubeMaterialOverride.uexp" 540
"../../../Engine/Content/EngineSky/M_Sky_Panning_Clouds2.uasset" 541
"../../../Engine/Content/EngineSky/M_Sky_Panning_Clouds2.uexp" 542
"../../../Engine/Content/Functions/Engine_MaterialFunctions03/Procedurals/ComputeFilterWidth.uasset" 543
"../../../Engine/Content/Functions/Engine_MaterialFunctions03/Procedurals/ComputeFilterWidth.uexp" 544
"../../../Engine/Content/EngineMaterials/AntiAliasedTextMaterialTranslucent.uasset" 545
"../../../Engine/Content/EngineMaterials/AntiAliasedTextMaterialTranslucent.uexp" 546
"C:/Users/216623/Desktop/Unreal/FPSMultiplayer/Content/Maps/MainLevel_BuiltData.uasset" 547
"C:/Users/216623/Desktop/Unreal/FPSMultiplayer/Content/Maps/MainLevel_BuiltData.uexp" 548
"C:/Users/216623/Desktop/Unreal/FPSMultiplayer/Content/Maps/MainLevel_BuiltData.ubulk" 549
"C:/Users/216623/Desktop/Unreal/FPSMultiplayer/Content/FirstPerson/Textures/FirstPersonCrosshair.uasset" 550
"C:/Users/216623/Desktop/Unreal/FPSMultiplayer/Content/FirstPerson/Textures/FirstPersonCrosshair.uexp" 551
"C:/Users/216623/Desktop/Unreal/FPSMultiplayer/Content/FirstPersonBP/Blueprints/FirstPersonHUD.uasset" 552
"C:/Users/216623/Desktop/Unreal/FPSMultiplayer/Content/FirstPersonBP/Blueprints/FirstPersonHUD.uexp" 553
"C:/Users/216623/Desktop/Unreal/FPSMultiplayer/Content/FPWeapon/Mesh/SK_FPGun_Skeleton.uasset" 554
"C:/Users/216623/Desktop/Unreal/FPSMultiplayer/Content/FPWeapon/Mesh/SK_FPGun_Skeleton.uexp" 555
"C:/Users/216623/Desktop/Unreal/FPSMultiplayer/Content/FPWeapon/Mesh/SK_FPGun_PhysicsAsset.uasset" 556
"C:/Users/216623/Desktop/Unreal/FPSMultiplayer/Content/FPWeapon/Mesh/SK_FPGun_PhysicsAsset.uexp" 557
"C:/Users/216623/Desktop/Unreal/FPSMultiplayer/Content/FPWeapon/Textures/T_FPGun_N.uasset" 558
"C:/Users/216623/Desktop/Unreal/FPSMultiplayer/Content/FPWeapon/Textures/T_FPGun_N.uexp" 559
"C:/Users/216623/Desktop/Unreal/FPSMultiplayer/Content/FPWeapon/Textures/T_FPGun_N.ubulk" 560
"C:/Users/216623/Desktop/Unreal/FPSMultiplayer/Content/FPWeapon/Textures/T_FPGun_M.uasset" 561
"C:/Users/216623/Desktop/Unreal/FPSMultiplayer/Content/FPWeapon/Textures/T_FPGun_M.uexp" 562
"C:/Users/216623/Desktop/Unreal/FPSMultiplayer/Content/FPWeapon/Textures/T_FPGun_M.ubulk" 563
"C:/Users/216623/Desktop/Unreal/FPSMultiplayer/Content/FPWeapon/Materials/MaterialLayers/T_ML_Rubber_Blue_01_N.uasset" 564
"C:/Users/216623/Desktop/Unreal/FPSMultiplayer/Content/FPWeapon/Materials/MaterialLayers/T_ML_Rubber_Blue_01_N.uexp" 565
"C:/Users/216623/Desktop/Unreal/FPSMultiplayer/Content/FPWeapon/Materials/MaterialLayers/T_ML_Rubber_Blue_01_N.ubulk" 566
"C:/Users/216623/Desktop/Unreal/FPSMultiplayer/Content/FPWeapon/Materials/MaterialLayers/T_ML_Rubber_Blue_01_D.uasset" 567
"C:/Users/216623/Desktop/Unreal/FPSMultiplayer/Content/FPWeapon/Materials/MaterialLayers/T_ML_Rubber_Blue_01_D.uexp" 568
"C:/Users/216623/Desktop/Unreal/FPSMultiplayer/Content/FPWeapon/Materials/MaterialLayers/T_ML_Rubber_Blue_01_D.ubulk" 569
"C:/Users/216623/Desktop/Unreal/FPSMultiplayer/Content/FPWeapon/Materials/MaterialLayers/T_ML_Aluminum01_N.uasset" 570
"C:/Users/216623/Desktop/Unreal/FPSMultiplayer/Content/FPWeapon/Materials/MaterialLayers/T_ML_Aluminum01_N.uexp" 571
"C:/Users/216623/Desktop/Unreal/FPSMultiplayer/Content/FPWeapon/Materials/MaterialLayers/T_ML_Aluminum01_N.ubulk" 572
"C:/Users/216623/Desktop/Unreal/FPSMultiplayer/Content/FPWeapon/Materials/MaterialLayers/T_ML_Aluminum01.uasset" 573
"C:/Users/216623/Desktop/Unreal/FPSMultiplayer/Content/FPWeapon/Materials/MaterialLayers/T_ML_Aluminum01.uexp" 574
"C:/Users/216623/Desktop/Unreal/FPSMultiplayer/Content/FPWeapon/Materials/MaterialLayers/T_ML_Aluminum01.ubulk" 575
"C:/Users/216623/Desktop/Unreal/FPSMultiplayer/Content/FPWeapon/Materials/MaterialLayers/ML_SoftMetal_UE4.uasset" 576
"C:/Users/216623/Desktop/Unreal/FPSMultiplayer/Content/FPWeapon/Materials/MaterialLayers/ML_SoftMetal_UE4.uexp" 577
"C:/Users/216623/Desktop/Unreal/FPSMultiplayer/Content/FPWeapon/Materials/MaterialLayers/ML_Screen.uasset" 578
"C:/Users/216623/Desktop/Unreal/FPSMultiplayer/Content/FPWeapon/Materials/MaterialLayers/ML_Screen.uexp" 579
"C:/Users/216623/Desktop/Unreal/FPSMultiplayer/Content/FPWeapon/Materials/MaterialLayers/ML_Plastic_Shiny_Beige.uasset" 580
"C:/Users/216623/Desktop/Unreal/FPSMultiplayer/Content/FPWeapon/Materials/MaterialLayers/ML_Plastic_Shiny_Beige.uexp" 581
"C:/Users/216623/Desktop/Unreal/FPSMultiplayer/Content/FPWeapon/Materials/MaterialLayers/ML_GlossyBlack_Latex_UE4.uasset" 582
"C:/Users/216623/Desktop/Unreal/FPSMultiplayer/Content/FPWeapon/Materials/MaterialLayers/ML_GlossyBlack_Latex_UE4.uexp" 583
"../../../Engine/Content/Functions/MaterialLayerFunctions/MatLayerBlend_Simple.uasset" 584
"../../../Engine/Content/Functions/MaterialLayerFunctions/MatLayerBlend_Simple.uexp" 585
"../../../Engine/Content/Functions/Engine_MaterialFunctions02/Utility/BlendAngleCorrectedNormals.uasset" 586
"../../../Engine/Content/Functions/Engine_MaterialFunctions02/Utility/BlendAngleCorrectedNormals.uexp" 587
"../../../Engine/Content/Functions/MaterialLayerFunctions/MatLayerBlend_NormalBlend.uasset" 588
"../../../Engine/Content/Functions/MaterialLayerFunctions/MatLayerBlend_NormalBlend.uexp" 589
"C:/Users/216623/Desktop/Unreal/FPSMultiplayer/Content/FPWeapon/Materials/M_FPGun.uasset" 590
"C:/Users/216623/Desktop/Unreal/FPSMultiplayer/Content/FPWeapon/Materials/M_FPGun.uexp" 591
"C:/Users/216623/Desktop/Unreal/FPSMultiplayer/Content/FPWeapon/Mesh/SK_FPGun.uasset" 592
"C:/Users/216623/Desktop/Unreal/FPSMultiplayer/Content/FPWeapon/Mesh/SK_FPGun.uexp" 593
"C:/Users/216623/Desktop/Unreal/FPSMultiplayer/Content/FirstPerson/Meshes/FirstPersonProjectileMaterial.uasset" 594
"C:/Users/216623/Desktop/Unreal/FPSMultiplayer/Content/FirstPerson/Meshes/FirstPersonProjectileMaterial.uexp" 595
"C:/Users/216623/Desktop/Unreal/FPSMultiplayer/Content/FirstPerson/Meshes/FirstPersonProjectileMesh.uasset" 596
"C:/Users/216623/Desktop/Unreal/FPSMultiplayer/Content/FirstPerson/Meshes/FirstPersonProjectileMesh.uexp" 597
"C:/Users/216623/Desktop/Unreal/FPSMultiplayer/Content/FirstPersonBP/Blueprints/FirstPersonProjectile.uasset" 598
"C:/Users/216623/Desktop/Unreal/FPSMultiplayer/Content/FirstPersonBP/Blueprints/FirstPersonProjectile.uexp" 599
"C:/Users/216623/Desktop/Unreal/FPSMultiplayer/Content/FirstPerson/Character/Mesh/SK_Mannequin_Arms_PhysicsAsset.uasset" 600
"C:/Users/216623/Desktop/Unreal/FPSMultiplayer/Content/FirstPerson/Character/Mesh/SK_Mannequin_Arms_PhysicsAsset.uexp" 601
"C:/Users/216623/Desktop/Unreal/FPSMultiplayer/Content/FirstPerson/Character/Textures/UE4_Mannequin_MAT_MASKA.uasset" 602
"C:/Users/216623/Desktop/Unreal/FPSMultiplayer/Content/FirstPerson/Character/Textures/UE4_Mannequin_MAT_MASKA.uexp" 603
"C:/Users/216623/Desktop/Unreal/FPSMultiplayer/Content/FirstPerson/Character/Textures/UE4_Mannequin_MAT_MASKA.ubulk" 604
"C:/Users/216623/Desktop/Unreal/FPSMultiplayer/Content/FirstPerson/Character/Textures/UE4_Mannequin__normals.uasset" 605
"C:/Users/216623/Desktop/Unreal/FPSMultiplayer/Content/FirstPerson/Character/Textures/UE4_Mannequin__normals.uexp" 606
"C:/Users/216623/Desktop/Unreal/FPSMultiplayer/Content/FirstPerson/Character/Textures/UE4_Mannequin__normals.ubulk" 607
"C:/Users/216623/Desktop/Unreal/FPSMultiplayer/Content/FirstPerson/Character/Materials/MaterialLayers/T_ML_Aluminum01_N.uasset" 608
"C:/Users/216623/Desktop/Unreal/FPSMultiplayer/Content/FirstPerson/Character/Materials/MaterialLayers/T_ML_Aluminum01_N.uexp" 609
"C:/Users/216623/Desktop/Unreal/FPSMultiplayer/Content/FirstPerson/Character/Materials/MaterialLayers/T_ML_Aluminum01_N.ubulk" 610
"C:/Users/216623/Desktop/Unreal/FPSMultiplayer/Content/FirstPerson/Character/Materials/MaterialLayers/T_ML_Aluminum01.uasset" 611
"C:/Users/216623/Desktop/Unreal/FPSMultiplayer/Content/FirstPerson/Character/Materials/MaterialLayers/T_ML_Aluminum01.uexp" 612
"C:/Users/216623/Desktop/Unreal/FPSMultiplayer/Content/FirstPerson/Character/Materials/MaterialLayers/T_ML_Aluminum01.ubulk" 613
"C:/Users/216623/Desktop/Unreal/FPSMultiplayer/Content/FirstPerson/Character/Materials/MaterialLayers/ML_SoftMetal_UE4.uasset" 614
"C:/Users/216623/Desktop/Unreal/FPSMultiplayer/Content/FirstPerson/Character/Materials/MaterialLayers/ML_SoftMetal_UE4.uexp" 615
"C:/Users/216623/Desktop/Unreal/FPSMultiplayer/Content/FirstPerson/Character/Textures/UE4_LOGO_CARD.uasset" 616
"C:/Users/216623/Desktop/Unreal/FPSMultiplayer/Content/FirstPerson/Character/Textures/UE4_LOGO_CARD.uexp" 617
"C:/Users/216623/Desktop/Unreal/FPSMultiplayer/Content/FirstPerson/Character/Textures/UE4_LOGO_CARD.ubulk" 618
"C:/Users/216623/Desktop/Unreal/FPSMultiplayer/Content/FirstPerson/Character/Materials/MaterialLayers/ML_Plastic_Shiny_Beige_LOGO.uasset" 619
"C:/Users/216623/Desktop/Unreal/FPSMultiplayer/Content/FirstPerson/Character/Materials/MaterialLayers/ML_Plastic_Shiny_Beige_LOGO.uexp" 620
"C:/Users/216623/Desktop/Unreal/FPSMultiplayer/Content/FirstPerson/Character/Materials/MaterialLayers/ML_Plastic_Shiny_Beige.uasset" 621
"C:/Users/216623/Desktop/Unreal/FPSMultiplayer/Content/FirstPerson/Character/Materials/MaterialLayers/ML_Plastic_Shiny_Beige.uexp" 622
"C:/Users/216623/Desktop/Unreal/FPSMultiplayer/Content/FirstPerson/Character/Materials/MaterialLayers/T_ML_Rubber_Blue_01_N.uasset" 623
"C:/Users/216623/Desktop/Unreal/FPSMultiplayer/Content/FirstPerson/Character/Materials/MaterialLayers/T_ML_Rubber_Blue_01_N.uexp" 624
"C:/Users/216623/Desktop/Unreal/FPSMultiplayer/Content/FirstPerson/Character/Materials/MaterialLayers/T_ML_Rubber_Blue_01_N.ubulk" 625
"C:/Users/216623/Desktop/Unreal/FPSMultiplayer/Content/FirstPerson/Character/Materials/MaterialLayers/T_ML_Rubber_Blue_01_D.uasset" 626
"C:/Users/216623/Desktop/Unreal/FPSMultiplayer/Content/FirstPerson/Character/Materials/MaterialLayers/T_ML_Rubber_Blue_01_D.uexp" 627
"C:/Users/216623/Desktop/Unreal/FPSMultiplayer/Content/FirstPerson/Character/Materials/MaterialLayers/T_ML_Rubber_Blue_01_D.ubulk" 628
"C:/Users/216623/Desktop/Unreal/FPSMultiplayer/Content/FirstPerson/Character/Materials/MaterialLayers/ML_GlossyBlack_Latex_UE4.uasset" 629
"C:/Users/216623/Desktop/Unreal/FPSMultiplayer/Content/FirstPerson/Character/Materials/MaterialLayers/ML_GlossyBlack_Latex_UE4.uexp" 630
"C:/Users/216623/Desktop/Unreal/FPSMultiplayer/Content/FirstPerson/Character/Materials/M_UE4Man_Body.uasset" 631
"C:/Users/216623/Desktop/Unreal/FPSMultiplayer/Content/FirstPerson/Character/Materials/M_UE4Man_Body.uexp" 632
"C:/Users/216623/Desktop/Unreal/FPSMultiplayer/Content/FirstPerson/Character/Mesh/SK_Mannequin_Arms_Skeleton.uasset" 633
"C:/Users/216623/Desktop/Unreal/FPSMultiplayer/Content/FirstPerson/Character/Mesh/SK_Mannequin_Arms_Skeleton.uexp" 634
"C:/Users/216623/Desktop/Unreal/FPSMultiplayer/Content/FirstPerson/Character/Mesh/SK_Mannequin_Arms.uasset" 635
"C:/Users/216623/Desktop/Unreal/FPSMultiplayer/Content/FirstPerson/Character/Mesh/SK_Mannequin_Arms.uexp" 636
"C:/Users/216623/Desktop/Unreal/FPSMultiplayer/Content/FirstPerson/Audio/FirstPersonTemplateWeaponFire02.uasset" 637
"C:/Users/216623/Desktop/Unreal/FPSMultiplayer/Content/FirstPerson/Audio/FirstPersonTemplateWeaponFire02.uexp" 638
"../../../Engine/Content/EditorBlueprintResources/StandardMacros.uasset" 639
"../../../Engine/Content/EditorBlueprintResources/StandardMacros.uexp" 640
"C:/Users/216623/Desktop/Unreal/FPSMultiplayer/Content/FirstPerson/Animations/FirstPerson_Run.uasset" 641
"C:/Users/216623/Desktop/Unreal/FPSMultiplayer/Content/FirstPerson/Animations/FirstPerson_Run.uexp" 642
"C:/Users/216623/Desktop/Unreal/FPSMultiplayer/Content/FirstPerson/Animations/FirstPerson_JumpStart.uasset" 643
"C:/Users/216623/Desktop/Unreal/FPSMultiplayer/Content/FirstPerson/Animations/FirstPerson_JumpStart.uexp" 644
"C:/Users/216623/Desktop/Unreal/FPSMultiplayer/Content/FirstPerson/Animations/FirstPerson_JumpLoop.uasset" 645
"C:/Users/216623/Desktop/Unreal/FPSMultiplayer/Content/FirstPerson/Animations/FirstPerson_JumpLoop.uexp" 646
"C:/Users/216623/Desktop/Unreal/FPSMultiplayer/Content/FirstPerson/Animations/FirstPerson_JumpEnd.uasset" 647
"C:/Users/216623/Desktop/Unreal/FPSMultiplayer/Content/FirstPerson/Animations/FirstPerson_JumpEnd.uexp" 648
"C:/Users/216623/Desktop/Unreal/FPSMultiplayer/Content/FirstPerson/Animations/FirstPerson_Idle.uasset" 649
"C:/Users/216623/Desktop/Unreal/FPSMultiplayer/Content/FirstPerson/Animations/FirstPerson_Idle.uexp" 650
"C:/Users/216623/Desktop/Unreal/FPSMultiplayer/Content/FirstPerson/Animations/FirstPerson_AnimBP.uasset" 651
"C:/Users/216623/Desktop/Unreal/FPSMultiplayer/Content/FirstPerson/Animations/FirstPerson_AnimBP.uexp" 652
"C:/Users/216623/Desktop/Unreal/FPSMultiplayer/Content/FirstPerson/Animations/FirstPerson_Fire.uasset" 653
"C:/Users/216623/Desktop/Unreal/FPSMultiplayer/Content/FirstPerson/Animations/FirstPerson_Fire.uexp" 654
"C:/Users/216623/Desktop/Unreal/FPSMultiplayer/Content/FirstPerson/Animations/FirstPersonFire_Montage.uasset" 655
"C:/Users/216623/Desktop/Unreal/FPSMultiplayer/Content/FirstPerson/Animations/FirstPersonFire_Montage.uexp" 656
"C:/Users/216623/Desktop/Unreal/FPSMultiplayer/Content/FirstPersonBP/Blueprints/FirstPersonCharacter.uasset" 657
"C:/Users/216623/Desktop/Unreal/FPSMultiplayer/Content/FirstPersonBP/Blueprints/FirstPersonCharacter.uexp" 658
"C:/Users/216623/Desktop/Unreal/FPSMultiplayer/Content/FirstPersonBP/Blueprints/FirstPersonGameMode.uasset" 659
"C:/Users/216623/Desktop/Unreal/FPSMultiplayer/Content/FirstPersonBP/Blueprints/FirstPersonGameMode.uexp" 660
"../../../Engine/Content/EngineSky/C_Sky_Cloud_Color.uasset" 661
"../../../Engine/Content/EngineSky/C_Sky_Cloud_Color.uexp" 662
"../../../Engine/Content/EngineSky/SM_SkySphere.uasset" 663
"../../../Engine/Content/EngineSky/SM_SkySphere.uexp" 664
"../../../Engine/Content/EngineSky/C_Sky_Zenith_Color.uasset" 665
"../../../Engine/Content/EngineSky/C_Sky_Zenith_Color.uexp" 666
"../../../Engine/Content/EngineSky/C_Sky_Horizon_Color.uasset" 667
"../../../Engine/Content/EngineSky/C_Sky_Horizon_Color.uexp" 668
"../../../Engine/Content/EngineSky/BP_Sky_Sphere.uasset" 669
"../../../Engine/Content/EngineSky/BP_Sky_Sphere.uexp" 670
"C:/Users/216623/Desktop/Unreal/FPSMultiplayer/Content/Maps/MainLevel.uexp" 671
"C:/Users/216623/Desktop/Unreal/FPSMultiplayer/Content/Maps/MainLevel.umap" 672
"C:/Users/216623/Desktop/Unreal/FPSMultiplayer/Content/FPS_Game_Instance.uasset" 673
"C:/Users/216623/Desktop/Unreal/FPSMultiplayer/Content/FPS_Game_Instance.uexp" 674
"C:/Users/216623/Desktop/Unreal/FPSMultiplayer/Content/MainMenu/W_ServerSlot.uasset" 675
"C:/Users/216623/Desktop/Unreal/FPSMultiplayer/Content/MainMenu/W_ServerSlot.uexp" 676
"C:/Users/216623/Desktop/Unreal/FPSMultiplayer/Content/MainMenu/W_ServerBrowser.uasset" 677
"C:/Users/216623/Desktop/Unreal/FPSMultiplayer/Content/MainMenu/W_ServerBrowser.uexp" 678
"C:/Users/216623/Desktop/Unreal/FPSMultiplayer/Content/MainMenu/W_MainMenu.uasset" 679
"C:/Users/216623/Desktop/Unreal/FPSMultiplayer/Content/MainMenu/W_MainMenu.uexp" 680
"C:/Users/216623/Desktop/Unreal/FPSMultiplayer/Content/Maps/MainMenu.uexp" 681
"C:/Users/216623/Desktop/Unreal/FPSMultiplayer/Content/Maps/MainMenu.umap" 682
"../../../Engine/Content/Maps/Entry_BuiltData.uasset" 683
"../../../Engine/Content/Maps/Entry_BuiltData.uexp" 684
"../../../Engine/Content/Maps/Entry.uexp" 685
"../../../Engine/Content/Maps/Entry.umap" 686
